<?xml version="1.0" encoding="UTF-8"?>
<!-- Generated by org.testng.reporters.JUnitReportReporter -->
<testsuite skipped="0" hostname="LAPTOP-S1LVCJIH" name="com.TestCases.Tc_01_RegisterNewUser" tests="1" failures="0" timestamp="26 Jun 2019 02:08:24 GMT" time="23.169" errors="0">
  <testcase name="Tc_01_RegisterNewUser" time="23.169" classname="com.TestCases.Tc_01_RegisterNewUser"/>
</testsuite> <!-- com.TestCases.Tc_01_RegisterNewUser -->
