<?xml version="1.0" encoding="UTF-8"?>
<!-- Generated by org.testng.reporters.JUnitReportReporter -->
<testsuite skipped="0" hostname="LAPTOP-S1LVCJIH" name="com.TestCases.Tc_01_ValidateSiginLink" tests="1" failures="0" timestamp="25 Jun 2019 02:03:36 GMT" time="21.217" errors="0">
  <testcase name="Tc_01_ValidateSiginLink" time="21.217" classname="com.TestCases.Tc_01_ValidateSiginLink"/>
</testsuite> <!-- com.TestCases.Tc_01_ValidateSiginLink -->
